2025-09-15 02:42:43,142 - economic_scanner - INFO - Economic intelligence database initialized
2025-09-15 02:42:43,142 - economic_scanner - INFO - EconomicScanner initialized with market intelligence
2025-09-15 02:42:49,976 - __main__ - INFO - Economic intelligence database initialized
2025-09-15 02:42:49,976 - __main__ - INFO - EconomicScanner initialized with market intelligence
2025-09-15 02:42:57,033 - __main__ - INFO - Economic intelligence database initialized
2025-09-15 02:42:57,033 - __main__ - INFO - EconomicScanner initialized with market intelligence
2025-09-15 02:42:57,035 - __main__ - INFO - Starting market price scan
2025-09-15 02:42:58,841 - __main__ - INFO - Stored price data for 24 products
2025-09-15 02:42:58,841 - __main__ - INFO - Market scan completed: 24 products updated
2025-09-15 02:43:03,797 - __main__ - INFO - Economic intelligence database initialized
2025-09-15 02:43:03,798 - __main__ - INFO - EconomicScanner initialized with market intelligence
2025-09-15 02:43:03,800 - __main__ - INFO - Starting market analysis
2025-09-15 02:43:03,803 - __main__ - INFO - Analyzed cpu: stable trend, $0 avg price
2025-09-15 02:43:03,806 - __main__ - INFO - Analyzed gpu: stable trend, $0 avg price
2025-09-15 02:43:03,809 - __main__ - INFO - Analyzed memory: stable trend, $0 avg price
2025-09-15 02:43:03,812 - __main__ - INFO - Analyzed storage: stable trend, $0 avg price
2025-09-15 02:43:03,815 - __main__ - INFO - Analyzed motherboard: stable trend, $0 avg price
2025-09-15 02:43:03,818 - __main__ - INFO - Analyzed power_supply: stable trend, $0 avg price
2025-09-15 02:43:03,821 - __main__ - INFO - Analyzed cooling: stable trend, $0 avg price
2025-09-15 02:43:03,824 - __main__ - INFO - Analyzed case: stable trend, $0 avg price
2025-09-15 02:43:03,827 - __main__ - INFO - Analyzed network: stable trend, $0 avg price
2025-09-15 02:43:10,643 - __main__ - INFO - Economic intelligence database initialized
2025-09-15 02:43:10,643 - __main__ - INFO - EconomicScanner initialized with market intelligence
2025-09-15 02:43:10,645 - __main__ - INFO - Generating upgrade recommendations
2025-09-15 02:43:10,645 - __main__ - INFO - Generated 0 upgrade recommendations
